[cog-creators.github.io/discord-embed-sandbox/index.html]
[backblue.gif]
[fade.gif]
[index.html]
[cdnjs.cloudflare.com/ajax/libs/normalize/5.0.0/normalize.min.css]
[maxcdn.bootstrapcdn.com/bootstrap/4.0.0-alpha.6/css/bootstrap.min.css]
[cdnjs.cloudflare.com/ajax/libs/tether/1.4.0/css/tether-theme-arrows-dark.min.css]
[cdnjs.cloudflare.com/ajax/libs/highlight.js/9.9.0/styles/dark.min.css]
[cog-creators.github.io/discord-embed-sandbox/css/style.css]
[cdn.jsdelivr.net/npm/showdown@1.9.0/dist/showdown.min.js]
[cdnjs.cloudflare.com/ajax/libs/jquery/3.1.0/jquery.min.js]
[cdnjs.cloudflare.com/ajax/libs/tether/1.4.0/js/tether.min.js]
[maxcdn.bootstrapcdn.com/bootstrap/4.0.0-alpha.6/js/bootstrap.min.js]
[cdnjs.cloudflare.com/ajax/libs/highlight.js/9.9.0/highlight.min.js]
[cog-creators.github.io/discord-embed-sandbox/index.html]
[cdnjs.cloudflare.com/ajax/libs/normalize/5.0.0/normalize.min.css]
[cog-creators.github.io/discord-embed-sandbox/js/index.js]
[maxcdn.bootstrapcdn.com/bootstrap/4.0.0-alpha.6/css/bootstrap.min.css]
[cdnjs.cloudflare.com/ajax/libs/tether/1.4.0/css/tether-theme-arrows-dark.min.css]
[cdnjs.cloudflare.com/ajax/libs/highlight.js/9.9.0/styles/dark.min.css]
[s3.amazonaws.com/patreon_public_assets/toolbox/patreon_white.png]
[cog-creators.github.io/discord-embed-sandbox/css/style.css]
